Exception Code: 0xC0000005
Exception Addr: 0x0033:0x00007FFC4633C6A2
Exception Module: <Unknown>
Exception Name  : EXCEPTION_ACCESS_VIOLATION
Exception Description: Attempt to read from address 0x0000000000000220
The memory could not be "read"
Exception Code: 0xC0000005
Exception Addr: 0x0033:0x00007FFC4633C6A2
Exception Module: <Unknown>
Exception Description: EXCEPTION_ACCESS_VIOLATION, Attempt to read from address 0x0000000000000220
The memory could not be "read"
Memory in use: 1907.5MB
Debug Status: 
Out of Memory: 0
MainThread Id: 74364
RenderThread Id: 69384
[Crashed] Thread Id: 74364
[Crashed] ThreadName: Main

[Crashed] Call Stack: ["Main" [74364]]

=============================================================================
44) function=Game.dll+0x13c6a2
43) function=Game.dll+0x13f3c2
42) function=Game.dll+0x12bab5
41) function=Game.dll+0x1036c9
40) function=Game.dll+0xda262
39) function=Game.dll+0xc596c
38) function=Game.dll+0x148b6a
37) function=CryDefaultEntities.dll+0x261949
36) function=CryAction.dll+0x3d1cb6
35) function=CryAction.dll+0x3f01f1
34) function=CryInput.dll+0x473cc
33) function=CryInput.dll+0x44597
32) function=CryInput.dll+0x67144
31) function=CryInput.dll+0x4f3ce
30) function=CrySystem.dll+0x3d153f
29) function=CrySystem.dll+0x36257f
28) function=Sandbox.exe+0x2b29f2
27) function=Sandbox.exe+0x280051
26) function=Sandbox.exe+0xdc2fd4
25) function=Qt5Core.dll+0x1f6f99
24) function=Qt5Core.dll+0x1efd08
23) function=Qt5Widgets.dll+0x18150
22) function=Qt5Widgets.dll+0x1714a
21) function=Qt5Core.dll+0x1c9319
20) function=Qt5Core.dll+0x212a2a
19) function=Qt5Widgets.dll+0x18150
18) function=Qt5Widgets.dll+0x1714a
17) function=Qt5Core.dll+0x1c9319
16) function=Qt5Core.dll+0x1cb291
15) function=qwindows.dll+0x6143f
14) function=Qt5Core.dll+0x213b53
13) function=USER32.dll+0xe858
12) function=USER32.dll+0xe299
11) function=Qt5Core.dll+0x21333e
10) function=qwindows.dll+0x61419
 9) function=Qt5Core.dll+0x1c50ab
 8) function=Qt5Core.dll+0x1c8201
 7) function=MFCToolsPlugin.dll+0x1f55d4
 6) function=Sandbox.exe+0x2e2d6d
 5) function=Sandbox.exe+0x1012097
 4) function=Sandbox.exe+0xfd480e
 3) function=KERNEL32.DLL+0x17034
 2) function=ntdll.dll+0x52651
 1) function=ntdll.dll+0x52651
=============================================================================


Call Stack: ["JobSystem_Worker_0 (Blocking)" [71760]]
 8) function=ntdll.dll+0x9cea4
  7) function=KERNELBASE.dll+0x2168e
  6) function=CrySystem.dll+0x5918c4
  5) function=CrySystem.dll+0x2126ab
  4) function=ucrtbase.dll+0x21bb2
  3) function=KERNEL32.DLL+0x17034
  2) function=ntdll.dll+0x52651
  1) function=ntdll.dll+0x52651
 


Call Stack: ["Streaming AsyncCallback" [73100]]
 8) function=ntdll.dll+0x9cea4
  7) function=KERNELBASE.dll+0x2168e
  6) function=CrySystem.dll+0x1aff0d
  5) function=CrySystem.dll+0x2126ab
  4) function=ucrtbase.dll+0x21bb2
  3) function=KERNEL32.DLL+0x17034
  2) function=ntdll.dll+0x52651
  1) function=ntdll.dll+0x52651
 


Call Stack: ["NotificationNetwork" [69952]]
10) function=ntdll.dll+0x9cea4
  9) function=mswsock.dll+0x80fc
  8) function=mswsock.dll+0xf4de
  7) function=WS2_32.dll+0x116f7
  6) function=CrySystem.dll+0x3acdce
  5) function=CrySystem.dll+0x3cc77a
  4) function=CrySystem.dll+0x2126ab
  3) function=ucrtbase.dll+0x21bb2
  2) function=KERNEL32.DLL+0x17034
  1) function=ntdll.dll+0x52651
 


Call Stack: ["JobSystem_Worker_0" [71168]]
 9) function=ntdll.dll+0xa0814
  8) function=ntdll.dll+0x64021
  7) function=KERNELBASE.dll+0x6c8f9
  6) function=CrySystem.dll+0x59255c
  5) function=CrySystem.dll+0x2126ab
  4) function=ucrtbase.dll+0x21bb2
  3) function=KERNEL32.DLL+0x17034
  2) function=ntdll.dll+0x52651
  1) function=ntdll.dll+0x52651
 


Call Stack: ["JobSystem_Worker_1" [76668]]
 9) function=ntdll.dll+0xa0814
  8) function=ntdll.dll+0x64021
  7) function=KERNELBASE.dll+0x6c8f9
  6) function=CrySystem.dll+0x59255c
  5) function=CrySystem.dll+0x2126ab
  4) function=ucrtbase.dll+0x21bb2
  3) function=KERNEL32.DLL+0x17034
  2) function=ntdll.dll+0x52651
  1) function=ntdll.dll+0x52651
 


Call Stack: ["JobSystem_Worker_2" [72844]]
 9) function=ntdll.dll+0xa0814
  8) function=ntdll.dll+0x64021
  7) function=KERNELBASE.dll+0x6c8f9
  6) function=CrySystem.dll+0x59255c
  5) function=CrySystem.dll+0x2126ab
  4) function=ucrtbase.dll+0x21bb2
  3) function=KERNEL32.DLL+0x17034
  2) function=ntdll.dll+0x52651
  1) function=ntdll.dll+0x52651
 


Call Stack: ["JobSystem_Worker_3" [37720]]
 9) function=ntdll.dll+0xa0814
  8) function=ntdll.dll+0x64021
  7) function=KERNELBASE.dll+0x6c8f9
  6) function=CrySystem.dll+0x59255c
  5) function=CrySystem.dll+0x2126ab
  4) function=ucrtbase.dll+0x21bb2
  3) function=KERNEL32.DLL+0x17034
  2) function=ntdll.dll+0x52651
  1) function=ntdll.dll+0x52651
 


Call Stack: ["JobSystem_Worker_4" [75564]]
 9) function=ntdll.dll+0xa0814
  8) function=ntdll.dll+0x64021
  7) function=KERNELBASE.dll+0x6c8f9
  6) function=CrySystem.dll+0x59255c
  5) function=CrySystem.dll+0x2126ab
  4) function=ucrtbase.dll+0x21bb2
  3) function=KERNEL32.DLL+0x17034
  2) function=ntdll.dll+0x52651
  1) function=ntdll.dll+0x52651
 


Call Stack: ["JobSystem_Worker_5" [12312]]
 9) function=ntdll.dll+0xa0814
  8) function=ntdll.dll+0x64021
  7) function=KERNELBASE.dll+0x6c8f9
  6) function=CrySystem.dll+0x59255c
  5) function=CrySystem.dll+0x2126ab
  4) function=ucrtbase.dll+0x21bb2
  3) function=KERNEL32.DLL+0x17034
  2) function=ntdll.dll+0x52651
  1) function=ntdll.dll+0x52651
 


Call Stack: ["JobSystem_Helper_6" [73560]]
 9) function=ntdll.dll+0xa0814
  8) function=ntdll.dll+0x64021
  7) function=KERNELBASE.dll+0x6c8f9
  6) function=CrySystem.dll+0x591c8a
  5) function=CrySystem.dll+0x2126ab
  4) function=ucrtbase.dll+0x21bb2
  3) function=KERNEL32.DLL+0x17034
  2) function=ntdll.dll+0x52651
  1) function=ntdll.dll+0x52651
 


Call Stack: ["JobSystem_Helper_7" [73300]]
 9) function=ntdll.dll+0xa0814
  8) function=ntdll.dll+0x64021
  7) function=KERNELBASE.dll+0x6c8f9
  6) function=CrySystem.dll+0x591c8a
  5) function=CrySystem.dll+0x2126ab
  4) function=ucrtbase.dll+0x21bb2
  3) function=KERNEL32.DLL+0x17034
  2) function=ntdll.dll+0x52651
  1) function=ntdll.dll+0x52651
 


Call Stack: ["Streaming File IO HDD" [76464]]
 9) function=ntdll.dll+0x9cea4
  8) function=KERNELBASE.dll+0x2168e
  7) function=CrySystem.dll+0x2d9efd
  6) function=CrySystem.dll+0x1ae1b8
  5) function=CrySystem.dll+0x2126ab
  4) function=ucrtbase.dll+0x21bb2
  3) function=KERNEL32.DLL+0x17034
  2) function=ntdll.dll+0x52651
  1) function=ntdll.dll+0x52651
 


Call Stack: ["Streaming File IO InMemory" [74904]]
 9) function=ntdll.dll+0x9cea4
  8) function=KERNELBASE.dll+0x2168e
  7) function=CrySystem.dll+0x2d9efd
  6) function=CrySystem.dll+0x1ae1b8
  5) function=CrySystem.dll+0x2126ab
  4) function=ucrtbase.dll+0x21bb2
  3) function=KERNEL32.DLL+0x17034
  2) function=ntdll.dll+0x52651
  1) function=ntdll.dll+0x52651
 


Call Stack: ["RenderThread" [69384]]
10) function=ntdll.dll+0xa0814
  9) function=ntdll.dll+0x64021
  8) function=KERNELBASE.dll+0x6c8f9
  7) function=CryRenderD3D11.dll+0x3942b9
  6) function=CryRenderD3D11.dll+0x37c845
  5) function=CryRenderD3D11.dll+0x4efa90
  4) function=CryRenderD3D11.dll+0x4ee8b9
  3) function=CrySystem.dll+0x2126ab
  2) function=ucrtbase.dll+0x21bb2
  1) function=KERNEL32.DLL+0x17034
 


Call Stack: ["ShaderCompile" [49792]]
 8) function=ntdll.dll+0x9d4a4
  7) function=KERNELBASE.dll+0x490ae
  6) function=CryRenderD3D11.dll+0x2601ed
  5) function=CrySystem.dll+0x2126ab
  4) function=ucrtbase.dll+0x21bb2
  3) function=KERNEL32.DLL+0x17034
  2) function=ntdll.dll+0x52651
  1) function=ntdll.dll+0x52651
 


Call Stack: ["GFxMeshCacheReset" [60804]]
 8) function=ntdll.dll+0x9cea4
  7) function=KERNELBASE.dll+0x2168e
  6) function=CrySystem.dll+0x17574c
  5) function=CrySystem.dll+0x2126ab
  4) function=ucrtbase.dll+0x21bb2
  3) function=KERNEL32.DLL+0x17034
  2) function=ntdll.dll+0x52651
  1) function=ntdll.dll+0x52651
 


Call Stack: ["NetAddressSolver" [65480]]
10) function=ntdll.dll+0xa0814
  9) function=ntdll.dll+0x64021
  8) function=KERNELBASE.dll+0x6c8f9
  7) function=CryNetwork.dll+0x2626a9
  6) function=CryNetwork.dll+0x147bb4
  5) function=CrySystem.dll+0x2126ab
  4) function=ucrtbase.dll+0x21bb2
  3) function=KERNEL32.DLL+0x17034
  2) function=ntdll.dll+0x52651
  1) function=ntdll.dll+0x52651
 


Call Stack: ["ServiceNetwork" [15104]]
 8) function=ntdll.dll+0x9d4a4
  7) function=KERNELBASE.dll+0x490ae
  6) function=CrySystem.dll+0x5f3a7f
  5) function=CrySystem.dll+0x2126ab
  4) function=ucrtbase.dll+0x21bb2
  3) function=KERNEL32.DLL+0x17034
  2) function=ntdll.dll+0x52651
  1) function=ntdll.dll+0x52651
 


Call Stack: ["ZLibCompressor" [74660]]
 8) function=ntdll.dll+0x9cea4
  7) function=KERNELBASE.dll+0x2168e
  6) function=CryAction.dll+0x809f23
  5) function=CrySystem.dll+0x2126ab
  4) function=ucrtbase.dll+0x21bb2
  3) function=KERNEL32.DLL+0x17034
  2) function=ntdll.dll+0x52651
  1) function=ntdll.dll+0x52651
 


Call Stack: ["InputWorker" [57116]]
 8) function=ntdll.dll+0x9d4a4
  7) function=KERNELBASE.dll+0x490ae
  6) function=CryInput.dll+0x66d8e
  5) function=CrySystem.dll+0x2126ab
  4) function=ucrtbase.dll+0x21bb2
  3) function=KERNEL32.DLL+0x17034
  2) function=ntdll.dll+0x52651
  1) function=ntdll.dll+0x52651
 


Call Stack: ["Physics" [41948]]
 8) function=ntdll.dll+0x9cea4
  7) function=KERNELBASE.dll+0x2168e
  6) function=CrySystem.dll+0x3cc2ea
  5) function=CrySystem.dll+0x2126ab
  4) function=ucrtbase.dll+0x21bb2
  3) function=KERNEL32.DLL+0x17034
  2) function=ntdll.dll+0x52651
  1) function=ntdll.dll+0x52651
 


Call Stack: ["PhysicsWorkerThread_0" [72732]]
 8) function=ntdll.dll+0x9cea4
  7) function=KERNELBASE.dll+0x2168e
  6) function=CryPhysics.dll+0x21ac28
  5) function=CrySystem.dll+0x2126ab
  4) function=ucrtbase.dll+0x21bb2
  3) function=KERNEL32.DLL+0x17034
  2) function=ntdll.dll+0x52651
  1) function=ntdll.dll+0x52651
 


Call Stack: ["BackgroundTask_3" [75284]]
 8) function=ntdll.dll+0x9cea4
  7) function=KERNELBASE.dll+0x2168e
  6) function=Sandbox.exe+0xb62c9d
  5) function=CrySystem.dll+0x2126ab
  4) function=ucrtbase.dll+0x21bb2
  3) function=KERNEL32.DLL+0x17034
  2) function=ntdll.dll+0x52651
  1) function=ntdll.dll+0x52651
 


Call Stack: ["BackgroundTask_2" [76072]]
 8) function=ntdll.dll+0x9cea4
  7) function=KERNELBASE.dll+0x2168e
  6) function=Sandbox.exe+0xb62c9d
  5) function=CrySystem.dll+0x2126ab
  4) function=ucrtbase.dll+0x21bb2
  3) function=KERNEL32.DLL+0x17034
  2) function=ntdll.dll+0x52651
  1) function=ntdll.dll+0x52651
 


Call Stack: ["BackgroundTask_IO" [12808]]
 8) function=ntdll.dll+0x9cea4
  7) function=KERNELBASE.dll+0x2168e
  6) function=Sandbox.exe+0xb62c9d
  5) function=CrySystem.dll+0x2126ab
  4) function=ucrtbase.dll+0x21bb2
  3) function=KERNEL32.DLL+0x17034
  2) function=ntdll.dll+0x52651
  1) function=ntdll.dll+0x52651
 


Call Stack: ["BackgroundTask_1" [70572]]
 8) function=ntdll.dll+0x9cea4
  7) function=KERNELBASE.dll+0x2168e
  6) function=Sandbox.exe+0xb62c9d
  5) function=CrySystem.dll+0x2126ab
  4) function=ucrtbase.dll+0x21bb2
  3) function=KERNEL32.DLL+0x17034
  2) function=ntdll.dll+0x52651
  1) function=ntdll.dll+0x52651
 


Call Stack: ["BackgroundTask_0" [69624]]
 8) function=ntdll.dll+0x9cea4
  7) function=KERNELBASE.dll+0x2168e
  6) function=Sandbox.exe+0xb62c9d
  5) function=CrySystem.dll+0x2126ab
  4) function=ucrtbase.dll+0x21bb2
  3) function=KERNEL32.DLL+0x17034
  2) function=ntdll.dll+0x52651
  1) function=ntdll.dll+0x52651
 


Call Stack: ["FileChangeMonitor" [76044]]
 9) function=ntdll.dll+0x9d974
  8) function=KERNELBASE.dll+0x4c5a0
  7) function=KERNELBASE.dll+0x4c49e
  6) function=Sandbox.exe+0xed23f8
  5) function=CrySystem.dll+0x2126ab
  4) function=ucrtbase.dll+0x21bb2
  3) function=KERNEL32.DLL+0x17034
  2) function=ntdll.dll+0x52651
  1) function=ntdll.dll+0x52651
 


Call Stack: ["CaptureCrashScreenShot" [74500]]
10) function=ntdll.dll+0xa0814
  9) function=ntdll.dll+0x64021
  8) function=KERNELBASE.dll+0x6c8f9
  7) function=MSVCP140.dll+0x12549
  6) function=MSVCP140.dll+0x127da
  5) function=CrySystem.dll+0x2d1c8f
  4) function=CrySystem.dll+0x2126ab
  3) function=ucrtbase.dll+0x21bb2
  2) function=KERNEL32.DLL+0x17034
  1) function=ntdll.dll+0x52651
 


Call Stack: ["AudioMainThread" [69512]]
 8) function=ntdll.dll+0x9cea4
  7) function=KERNELBASE.dll+0x2168e
  6) function=CryAudioSystem.dll+0xd098e
  5) function=CrySystem.dll+0x2126ab
  4) function=ucrtbase.dll+0x21bb2
  3) function=KERNEL32.DLL+0x17034
  2) function=ntdll.dll+0x52651
  1) function=ntdll.dll+0x52651
 
Attempting to create error screenshot "error.jpg"
----- FAILED TO GET SCREENSHOT -----
